<?xml version="1.0" encoding="UTF-8"?>
<!-- Generated by org.testng.reporters.JUnitXMLReporter -->
<testsuite ignored="0" hostname="DESKTOP-K0ONJ7J" failures="0" tests="4" name="Test" time="52.546" errors="0" timestamp="2024-11-25T15:46:56 IST">
  <testcase classname="TestCases.TC1_FormFillingTestCases" name="Validate_UserAbleTo_Fill_Details" time="13.145"/>
  <testcase classname="TestCases.TC1_FormFillingTestCases" name="Validate_UserAbleTo_Fill_Details" time="13.047"/>
  <testcase classname="TestCases.TC1_FormFillingTestCases" name="Validate_UserAbleTo_Fill_Details" time="13.623"/>
  <testcase classname="TestCases.TC2_Blogger" name="Validate_footer_ThemImage_clickable" time="2.35"/>
</testsuite> <!-- Test -->
