<?xml version="1.0" encoding="UTF-8"?>
<!-- Generated by org.testng.reporters.JUnitXMLReporter -->
<testsuite ignored="0" hostname="DESKTOP-K0ONJ7J" failures="0" tests="5" name="Test" time="76.912" errors="0" timestamp="2024-11-26T17:59:58 IST">
  <testcase classname="TestCases.TC1_FormFillingTestCases" name="Validate_UserAbleTo_Fill_Details" time="13.173"/>
  <testcase classname="TestCases.TC2_Blogger" name="Validate_footer_ThemImage_clickable" time="2.543"/>
  <testcase classname="TestCases.TC3_FormFillingDDT" name="Validate_UserAbleTo_Fill_Details" time="13.175"/>
  <testcase classname="TestCases.TC3_FormFillingDDT" name="Validate_UserAbleTo_Fill_Details" time="13.042"/>
  <testcase classname="TestCases.TC3_FormFillingDDT" name="Validate_UserAbleTo_Fill_Details" time="13.018"/>
</testsuite> <!-- Test -->
